<?xml version="1.0" encoding="UTF-8"?>
<!-- Generated by org.testng.reporters.JUnitReportReporter -->
<testsuite hostname="Harmeet-PC" failures="0" tests="1" name="com.newProject.PracticeProject.TestStartPlan" time="13.882" errors="0" timestamp="28 May 2020 22:40:00 GMT" skipped="0">
  <testcase classname="com.newProject.PracticeProject.TestStartPlan" name="testClickOrlando" time="13.882"/>
</testsuite> <!-- com.newProject.PracticeProject.TestStartPlan -->
