<?xml version="1.0" encoding="UTF-8"?>
<!-- Generated by org.testng.reporters.JUnitReportReporter -->
<testsuite hostname="Harmeet-PC" failures="0" tests="2" name="com.newProject.PracticeProject.TestStartPlanVacation" time="24.504" errors="0" timestamp="29 May 2020 05:43:52 GMT" skipped="0">
  <testcase classname="com.newProject.PracticeProject.TestStartPlanVacation" name="testClickChicago" time="11.325"/>
  <testcase classname="com.newProject.PracticeProject.TestStartPlanVacation" name="testClickOrlando" time="13.179"/>
</testsuite> <!-- com.newProject.PracticeProject.TestStartPlanVacation -->
