<?xml version="1.0" encoding="UTF-8"?>
<!-- Generated by org.testng.reporters.JUnitReportReporter -->
<testsuite hostname="Harmeet-PC" failures="0" tests="1" name="com.newProject.PracticeProject.TestSearchCar" time="38.557" errors="0" timestamp="04 Jun 2020 05:31:05 GMT" skipped="0">
  <testcase classname="com.newProject.PracticeProject.TestSearchCar" name="testCarSearch" time="38.557"/>
</testsuite> <!-- com.newProject.PracticeProject.TestSearchCar -->
