<?xml version="1.0" encoding="UTF-8"?>
<!-- Generated by org.testng.reporters.JUnitReportReporter -->
<testsuite hostname="Harmeet-PC" failures="0" tests="3" name="com.newProject.PracticeProject.TestSearchCar" time="101.681" errors="0" timestamp="21 Jun 2020 06:34:56 GMT" skipped="0">
  <testcase classname="com.newProject.PracticeProject.TestSearchCar" name="testCarSearch" time="33.415"/>
  <testcase classname="com.newProject.PracticeProject.TestSearchCar" name="testCarSearch" time="32.861"/>
  <testcase classname="com.newProject.PracticeProject.TestSearchCar" name="testCarSearch" time="35.405"/>
</testsuite> <!-- com.newProject.PracticeProject.TestSearchCar -->
