<?xml version="1.0" encoding="UTF-8"?>
<!-- Generated by org.testng.reporters.JUnitReportReporter -->
<testsuite hostname="Harmeet-PC" failures="0" tests="1" name="com.newProject.PracticeProject.TestSearchCar" time="28.145" errors="0" timestamp="03 Jun 2020 20:09:15 GMT" skipped="0">
  <testcase classname="com.newProject.PracticeProject.TestSearchCar" name="testCarSearch" time="28.145"/>
</testsuite> <!-- com.newProject.PracticeProject.TestSearchCar -->
