<?xml version="1.0" encoding="UTF-8"?>
<!-- Generated by org.testng.reporters.JUnitReportReporter -->
<testsuite hostname="Harmeet-PC" failures="0" tests="1" name="com.newProject.PracticeProject.TestFlightCovid19Options" time="26.373" errors="0" timestamp="05 Jun 2020 05:19:01 GMT" skipped="0">
  <testcase classname="com.newProject.PracticeProject.TestFlightCovid19Options" name="testCovid19Options" time="26.373"/>
</testsuite> <!-- com.newProject.PracticeProject.TestFlightCovid19Options -->
